<?xml version="1.0" encoding="UTF-8"?>
<testng-results skipped="0" failed="0" ignored="0" total="5" passed="5">
  <reporter-output>
  </reporter-output>
  <suite name="Default suite" duration-ms="125230" started-at="2023-03-15T14:14:53 IST" finished-at="2023-03-15T14:16:58 IST">
    <groups>
      <group name="cucumber">
        <method signature="AbstractTestNGCucumberTests.runScenario(io.cucumber.testng.PickleWrapper,io.cucumber.testng.FeatureWrapper)[pri:0, instance:runner.ProductStorePageRunner@8b87145]" name="runScenario" class="io.cucumber.testng.AbstractTestNGCucumberTests"/>
      </group> <!-- cucumber -->
    </groups>
    <test name="Default test" duration-ms="125230" started-at="2023-03-15T14:14:53 IST" finished-at="2023-03-15T14:16:58 IST">
      <class name="runner.ProductStorePageRunner">
        <test-method status="PASS" signature="setUpClass(org.testng.ITestContext)[pri:0, instance:runner.ProductStorePageRunner@8b87145]" name="setUpClass" is-config="true" duration-ms="59576" started-at="2023-03-15T14:14:53 IST" finished-at="2023-03-15T14:15:53 IST">
          <params>
            <param index="0">
              <value>
                <![CDATA[org.testng.TestRunner@3a2d3909]]>
              </value>
            </param>
          </params>
          <reporter-output>
          </reporter-output>
        </test-method> <!-- setUpClass -->
        <test-method status="PASS" signature="runScenario(io.cucumber.testng.PickleWrapper,io.cucumber.testng.FeatureWrapper)[pri:0, instance:runner.ProductStorePageRunner@8b87145]" name="runScenario" duration-ms="7390" started-at="2023-03-15T14:15:53 IST" description="Runs Cucumber Scenarios" data-provider="scenarios" finished-at="2023-03-15T14:16:00 IST">
          <params>
            <param index="0">
              <value>
                <![CDATA["Login into App"]]>
              </value>
            </param>
            <param index="1">
              <value>
                <![CDATA["Product Store Page Test"]]>
              </value>
            </param>
          </params>
          <reporter-output>
          </reporter-output>
        </test-method> <!-- runScenario -->
        <test-method status="PASS" signature="runScenario(io.cucumber.testng.PickleWrapper,io.cucumber.testng.FeatureWrapper)[pri:0, instance:runner.ProductStorePageRunner@8b87145]" name="runScenario" duration-ms="13635" started-at="2023-03-15T14:16:00 IST" description="Runs Cucumber Scenarios" data-provider="scenarios" finished-at="2023-03-15T14:16:14 IST">
          <params>
            <param index="0">
              <value>
                <![CDATA["Add Items To Cart"]]>
              </value>
            </param>
            <param index="1">
              <value>
                <![CDATA["Product Store Page Test"]]>
              </value>
            </param>
          </params>
          <reporter-output>
          </reporter-output>
        </test-method> <!-- runScenario -->
        <test-method status="PASS" signature="runScenario(io.cucumber.testng.PickleWrapper,io.cucumber.testng.FeatureWrapper)[pri:0, instance:runner.ProductStorePageRunner@8b87145]" name="runScenario" duration-ms="17312" started-at="2023-03-15T14:16:14 IST" description="Runs Cucumber Scenarios" data-provider="scenarios" finished-at="2023-03-15T14:16:31 IST">
          <params>
            <param index="0">
              <value>
                <![CDATA["Add Items To Cart"]]>
              </value>
            </param>
            <param index="1">
              <value>
                <![CDATA["Product Store Page Test"]]>
              </value>
            </param>
          </params>
          <reporter-output>
          </reporter-output>
        </test-method> <!-- runScenario -->
        <test-method status="PASS" signature="runScenario(io.cucumber.testng.PickleWrapper,io.cucumber.testng.FeatureWrapper)[pri:0, instance:runner.ProductStorePageRunner@8b87145]" name="runScenario" duration-ms="2590" started-at="2023-03-15T14:16:31 IST" description="Runs Cucumber Scenarios" data-provider="scenarios" finished-at="2023-03-15T14:16:34 IST">
          <params>
            <param index="0">
              <value>
                <![CDATA["Delete an Item"]]>
              </value>
            </param>
            <param index="1">
              <value>
                <![CDATA["Product Store Page Test"]]>
              </value>
            </param>
          </params>
          <reporter-output>
          </reporter-output>
        </test-method> <!-- runScenario -->
        <test-method status="PASS" signature="runScenario(io.cucumber.testng.PickleWrapper,io.cucumber.testng.FeatureWrapper)[pri:0, instance:runner.ProductStorePageRunner@8b87145]" name="runScenario" duration-ms="4213" started-at="2023-03-15T14:16:34 IST" description="Runs Cucumber Scenarios" data-provider="scenarios" finished-at="2023-03-15T14:16:38 IST">
          <params>
            <param index="0">
              <value>
                <![CDATA["Place Order"]]>
              </value>
            </param>
            <param index="1">
              <value>
                <![CDATA["Product Store Page Test"]]>
              </value>
            </param>
          </params>
          <reporter-output>
          </reporter-output>
        </test-method> <!-- runScenario -->
        <test-method status="PASS" signature="tearDownClass()[pri:0, instance:runner.ProductStorePageRunner@8b87145]" name="tearDownClass" is-config="true" duration-ms="20437" started-at="2023-03-15T14:16:38 IST" finished-at="2023-03-15T14:16:58 IST">
          <reporter-output>
          </reporter-output>
        </test-method> <!-- tearDownClass -->
      </class> <!-- runner.ProductStorePageRunner -->
    </test> <!-- Default test -->
  </suite> <!-- Default suite -->
</testng-results>
