<?xml version="1.0" encoding="UTF-8"?>
<!-- Generated by org.testng.reporters.JUnitXMLReporter -->
<testsuite hostname="LAPTOP-02EF66VJ" ignored="0" name="ProductStorePageTest" tests="5" failures="0" timestamp="2023-03-15T11:39:58 IST" time="53.064" errors="0">
  <testcase name="runScenario" time="5.131" classname="io.cucumber.testng.AbstractTestNGCucumberTests"/>
  <testcase name="runScenario" time="7.595" classname="io.cucumber.testng.AbstractTestNGCucumberTests"/>
  <testcase name="runScenario" time="6.23" classname="io.cucumber.testng.AbstractTestNGCucumberTests"/>
  <testcase name="runScenario" time="2.616" classname="io.cucumber.testng.AbstractTestNGCucumberTests"/>
  <testcase name="runScenario" time="5.78" classname="io.cucumber.testng.AbstractTestNGCucumberTests"/>
</testsuite> <!-- ProductStorePageTest -->
