<?xml version="1.0" encoding="UTF-8"?>
<!-- Generated by org.testng.reporters.JUnitXMLReporter -->
<testsuite hostname="LAPTOP-02EF66VJ" ignored="0" name="ProductStorePageTest" tests="5" failures="0" timestamp="2023-03-15T11:38:01 IST" time="41.191" errors="0">
  <testcase name="runScenario" time="3.868" classname="io.cucumber.testng.AbstractTestNGCucumberTests"/>
  <testcase name="runScenario" time="6.694" classname="io.cucumber.testng.AbstractTestNGCucumberTests"/>
  <testcase name="runScenario" time="6.667" classname="io.cucumber.testng.AbstractTestNGCucumberTests"/>
  <testcase name="runScenario" time="2.591" classname="io.cucumber.testng.AbstractTestNGCucumberTests"/>
  <testcase name="runScenario" time="5.367" classname="io.cucumber.testng.AbstractTestNGCucumberTests"/>
</testsuite> <!-- ProductStorePageTest -->
